0 info it worked if it ends with ok
1 verbose cli [ '/home/ubuntu/.nvm/v0.10.33/bin/node',
1 verbose cli   '/home/ubuntu/.nvm/v0.10.33/bin/npm',
1 verbose cli   'start' ]
2 info using npm@1.4.28
3 info using node@v0.10.33
4 verbose run-script [ 'prestart', 'start', 'poststart' ]
5 info prestart gramatist@0.0.1
6 verbose unsafe-perm in lifecycle true
7 info start gramatist@0.0.1
8 verbose unsafe-perm in lifecycle true
9 info gramatist@0.0.1 Failed to exec start script
10 error gramatist@0.0.1 start: `http-server -a localhost -p 8000 -c-1`
10 error Exit status 127
11 error Failed at the gramatist@0.0.1 start script.
11 error This is most likely a problem with the gramatist package,
11 error not with npm itself.
11 error Tell the author that this fails on your system:
11 error     http-server -a localhost -p 8000 -c-1
11 error You can get their info via:
11 error     npm owner ls gramatist
11 error There is likely additional logging output above.
12 error System Linux 3.14.13-c9
13 error command "/home/ubuntu/.nvm/v0.10.33/bin/node" "/home/ubuntu/.nvm/v0.10.33/bin/npm" "start"
14 error cwd /home/ubuntu/workspace
15 error node -v v0.10.33
16 error npm -v 1.4.28
17 error code ELIFECYCLE
18 verbose exit [ 1, true ]
